<?xml version="1.0" encoding="UTF-8"?>
<!-- Generated by org.testng.reporters.JUnitReportReporter -->
<testsuite hostname="DESKTOP-8HJSJLD" failures="0" tests="1" name="test.Random" time="10.377" errors="0" timestamp="2023-02-09T22:32:59 IST" skipped="0">
  <testcase classname="test.Random" name="abc" time="10.377"/>
  <system-out/>
</testsuite> <!-- test.Random -->
