<?xml version="1.0" encoding="UTF-8"?>
<!-- Generated by org.testng.reporters.JUnitReportReporter -->
<testsuite hostname="DESKTOP-8HJSJLD" failures="0" tests="28" name="test.HomeTestcase" time="39.889" errors="0" timestamp="2023-02-16T11:21:22 IST" skipped="1">
  <testcase classname="test.HomeTestcase" name="Hover_On_FilesByToday" time="5.774"/>
  <system-out/>
  <testcase classname="test.HomeTestcase" name="Hover_On_Error" time="0.386"/>
  <system-out/>
  <testcase classname="test.HomeTestcase" name="Hover_On_Queued" time="0.353"/>
  <system-out/>
  <testcase classname="test.HomeTestcase" name="Hover_On_Validating" time="0.370"/>
  <system-out/>
  <testcase classname="test.HomeTestcase" name="Hover_On_Waiting" time="0.358"/>
  <system-out/>
  <testcase classname="test.HomeTestcase" name="Hover_On_Inserting" time="0.368"/>
  <system-out/>
  <testcase classname="test.HomeTestcase" name="Hover_On_Completed" time="0.353"/>
  <system-out/>
  <testcase classname="test.HomeTestcase" name="Hover_On_Api" time="0.354"/>
  <system-out/>
  <testcase classname="test.HomeTestcase" name="Hover_On_Ftp" time="0.371"/>
  <system-out/>
  <testcase classname="test.HomeTestcase" name="Hover_On_External" time="0.354"/>
  <system-out/>
  <testcase classname="test.HomeTestcase" name="Hover_On_S3" time="0.355"/>
  <system-out/>
  <testcase classname="test.HomeTestcase" name="Hover_On_FOB" time="0.356"/>
  <system-out/>
  <testcase classname="test.HomeTestcase" name="Hover_On_OFR" time="0.376"/>
  <system-out/>
  <testcase classname="test.HomeTestcase" name="Hover_On_PLC" time="0.357"/>
  <system-out/>
  <testcase classname="test.HomeTestcase" name="Hover_On_CompletedElement" time="4.680"/>
  <system-out/>
  <testcase classname="test.HomeTestcase" name="Hover_On_DataSourceWise_Tooltip" time="0.340"/>
  <system-out/>
  <testcase classname="test.HomeTestcase" name="HoverOn_CustomerWiseFilestatus_Tooltip" time="0.356"/>
  <system-out/>
  <testcase classname="test.HomeTestcase" name="HoverOn_MemberWiseFilestatus_Tooltip" time="0.356"/>
  <system-out/>
  <testcase classname="test.HomeTestcase" name="verify_filter_By_CustomerField" time="1.085"/>
  <system-out/>
  <testcase classname="test.HomeTestcase" name="verify_FilterByMemeberSCAC" time="1.125"/>
  <system-out/>
  <testcase classname="test.HomeTestcase" name="VerifyClickOnToday" time="4.107"/>
  <system-out/>
  <testcase classname="test.HomeTestcase" name="VerifyClickOnWeek" time="2.087"/>
  <system-out/>
  <testcase classname="test.HomeTestcase" name="VerifyClickOnMonth" time="2.073"/>
  <system-out/>
  <testcase classname="test.HomeTestcase" name="VerifyClickOnCustomeDates" time="5.327"/>
  <system-out/>
  <testcase classname="test.HomeTestcase" name="Verify_ClickOn_logo" time="1.617"/>
  <system-out/>
  <testcase classname="test.HomeTestcase" name="Verify_Theme_Button" time="6.240"/>
  <system-out/>
  <testcase classname="test.HomeTestcase" name="Verify_Scroll_worksorNot" time="0.011"/>
  <system-out/>
  <testcase classname="test.HomeTestcase" name="Verify_TogglescreenIcongets">
    <skipped/>
  </testcase> <!-- Verify_TogglescreenIcongets -->
  <system-out/>
</testsuite> <!-- test.HomeTestcase -->
