<?xml version="1.0" encoding="UTF-8"?>
<!-- Generated by org.testng.reporters.JUnitReportReporter -->
<testsuite hostname="DESKTOP-8HJSJLD" failures="0" tests="4" name="test.JobtimeLineTestcases" time="8.065" errors="0" timestamp="2023-02-16T11:21:22 IST" skipped="0">
  <testcase classname="test.JobtimeLineTestcases" name="Click_On_JobTimeline" time="3.090"/>
  <system-out/>
  <testcase classname="test.JobtimeLineTestcases" name="Click_On_Theme_Icon" time="2.713"/>
  <system-out/>
  <testcase classname="test.JobtimeLineTestcases" name="Click_On_ProfileIcon" time="2.093"/>
  <system-out/>
  <testcase classname="test.JobtimeLineTestcases" name="Click_On_SignOut" time="0.169"/>
  <system-out/>
</testsuite> <!-- test.JobtimeLineTestcases -->
