<?xml version="1.0" encoding="UTF-8"?>
<!-- Generated by org.testng.reporters.JUnitReportReporter -->
<testsuite hostname="DESKTOP-8HJSJLD" failures="0" tests="2" name="test.SignInPageTestcases" time="4.182" errors="0" timestamp="2023-02-16T11:21:22 IST" skipped="0">
  <testcase classname="test.SignInPageTestcases" name="VerifyTitleOfPage" time="0.811"/>
  <system-out/>
  <testcase classname="test.SignInPageTestcases" name="validateLogin" time="3.371"/>
  <system-out/>
</testsuite> <!-- test.SignInPageTestcases -->
