<?xml version="1.0" encoding="UTF-8"?>
<!-- Generated by org.testng.reporters.JUnitReportReporter -->
<testsuite hostname="DESKTOP-8HJSJLD" failures="0" tests="18" name="test.ReportsTestcases" time="67.748" errors="0" timestamp="2023-02-16T11:21:22 IST" skipped="0">
  <testcase classname="test.ReportsTestcases" name="clickOnReports" time="0.073"/>
  <system-out/>
  <testcase classname="test.ReportsTestcases" name="clickOnUploadLog" time="0.226"/>
  <system-out/>
  <testcase classname="test.ReportsTestcases" name="Verify_All_Functionalities_In_Today" time="4.863"/>
  <system-out/>
  <testcase classname="test.ReportsTestcases" name="Verify_ClickOn_AllDropDown_Element" time="2.704"/>
  <system-out/>
  <testcase classname="test.ReportsTestcases" name="Verify_ClickOn_AllDataSourceDropDownElements" time="4.944"/>
  <system-out/>
  <testcase classname="test.ReportsTestcases" name="Verify_ClickOn_AllStatusDropdownElement" time="7.416"/>
  <system-out/>
  <testcase classname="test.ReportsTestcases" name="Verify_All_Functionalities_In_Week" time="4.732"/>
  <system-out/>
  <testcase classname="test.ReportsTestcases" name="Verify_All_Functionalities_In_Month" time="4.680"/>
  <system-out/>
  <testcase classname="test.ReportsTestcases" name="Verify_All_Functionalities_In_Customedates" time="1.320"/>
  <system-out/>
  <testcase classname="test.ReportsTestcases" name="click_On_LockingRates" time="0.355"/>
  <system-out/>
  <testcase classname="test.ReportsTestcases" name="Verify_All_Functionalities_In_Today_lockingrates" time="4.814"/>
  <system-out/>
  <testcase classname="test.ReportsTestcases" name="Verify_ClickOn_AllDropDown_Element_LockingRates" time="2.606"/>
  <system-out/>
  <testcase classname="test.ReportsTestcases" name="Verify_ClickOn_AllDataSourceDropDownElements_LockingRates" time="4.881"/>
  <system-out/>
  <testcase classname="test.ReportsTestcases" name="Verify_ClickOn_AllStatusDropdownElement_LockingRates" time="7.267"/>
  <system-out/>
  <testcase classname="test.ReportsTestcases" name="Verify_All_Functionalities_In_Week_lockingrates" time="4.714"/>
  <system-out/>
  <testcase classname="test.ReportsTestcases" name="Verify_All_Functionalities_In_Month_lockingrates" time="4.593"/>
  <system-out/>
  <testcase classname="test.ReportsTestcases" name="Verify_All_Functionalities_In_Customedates_lockingrates" time="1.385"/>
  <system-out/>
  <testcase classname="test.ReportsTestcases" name="Verify_Theme_Button" time="6.175"/>
  <system-out/>
</testsuite> <!-- test.ReportsTestcases -->
