<?xml version="1.0" encoding="UTF-8"?>
<!-- Generated by org.testng.reporters.JUnitReportReporter -->
<testsuite hostname="DESKTOP-8HJSJLD" failures="0" tests="2" name="test.LaneDashboardTestcases" time="3.227" errors="0" timestamp="2023-02-16T11:21:22 IST" skipped="0">
  <testcase classname="test.LaneDashboardTestcases" name="Click_On_Lanedashboard" time="0.089"/>
  <system-out/>
  <testcase classname="test.LaneDashboardTestcases" name="Verify_Theme_WorksOrNot" time="3.138"/>
  <system-out/>
</testsuite> <!-- test.LaneDashboardTestcases -->
