<?xml version="1.0" encoding="UTF-8"?>
<!-- Generated by org.testng.reporters.JUnitReportReporter -->
<testsuite hostname="DESKTOP-8HJSJLD" failures="0" tests="3" name="test.ITDashboardTestcases" time="6.371" errors="0" timestamp="2023-02-16T11:21:22 IST" skipped="0">
  <testcase classname="test.ITDashboardTestcases" name="Click_On_ITDashBoard" time="0.084"/>
  <system-out/>
  <testcase classname="test.ITDashboardTestcases" name="Verify_SearchBYfileName" time="0.132"/>
  <system-out/>
  <testcase classname="test.ITDashboardTestcases" name="Verify_Theme_Button" time="6.155"/>
  <system-out/>
</testsuite> <!-- test.ITDashboardTestcases -->
