<?xml version="1.0" encoding="UTF-8"?>
<!-- Generated by org.testng.reporters.JUnitReportReporter -->
<testsuite hostname="DESKTOP-8HJSJLD" failures="0" tests="17" name="test.JobLogsTestcases" time="61.110" errors="0" timestamp="2023-02-16T11:21:22 IST" skipped="1">
  <testcase classname="test.JobLogsTestcases" name="Click_On_JobLogs" time="0.069"/>
  <system-out/>
  <testcase classname="test.JobLogsTestcases" name="Verify_All_Functionalities_In_Today" time="5.234"/>
  <system-out/>
  <testcase classname="test.JobLogsTestcases" name="Verify_Hover_On_Show_MoreData" time="6.494"/>
  <system-out/>
  <testcase classname="test.JobLogsTestcases" name="Verify_Hover_On_DeleteJob" time="1.158"/>
  <system-out/>
  <testcase classname="test.JobLogsTestcases" name="Verify_Hover_On_FileName" time="1.151"/>
  <system-out/>
  <testcase classname="test.JobLogsTestcases" name="Verify_File_Gets_Download_Or_Not" time="6.207"/>
  <system-out/>
  <testcase classname="test.JobLogsTestcases" name="Verify_Download_Icon_Worksornot" time="1.625"/>
  <system-out/>
  <testcase classname="test.JobLogsTestcases" name="Verify_Download_Errors_Works_Or_Not" time="1.595"/>
  <system-out/>
  <testcase classname="test.JobLogsTestcases" name="Verify_user_is_able_to_click_on_checkbox" time="2.150"/>
  <system-out/>
  <testcase classname="test.JobLogsTestcases" name="Verify_ClickOn_AllDropDown_Element" time="3.461"/>
  <system-out/>
  <testcase classname="test.JobLogsTestcases" name="Verify_ClickOn_AllDataSource_DropDownElements" time="4.965"/>
  <system-out/>
  <testcase classname="test.JobLogsTestcases" name="Verify_ClickOn_AllStatus_DropdownElement" time="7.429"/>
  <system-out/>
  <testcase classname="test.JobLogsTestcases" name="Verify_All_Functionalities_In_Week" time="4.875"/>
  <system-out/>
  <testcase classname="test.JobLogsTestcases" name="Verify_All_Functionalities_In_Month" time="5.273"/>
  <system-out/>
  <testcase classname="test.JobLogsTestcases" name="Verify_All_Functionalities_In_Customedates" time="3.280"/>
  <system-out/>
  <testcase classname="test.JobLogsTestcases" name="Verify_Theme_Button" time="6.144"/>
  <system-out/>
  <testcase classname="test.JobLogsTestcases" name="Verify_FooterDropdown_WorksOrNot">
    <skipped/>
  </testcase> <!-- Verify_FooterDropdown_WorksOrNot -->
  <system-out/>
</testsuite> <!-- test.JobLogsTestcases -->
